<?xml version="1.0" encoding="utf-8"?><testsuites name="pytest tests"><testsuite name="pytest" errors="0" failures="0" skipped="0" tests="11" time="1.729" timestamp="2026-08-10T07:48:38.155489+00:00" hostname="agent-env-1342e3d7-3928-4c3f-a066-b5cd4b2dfff5"><testcase classname="tests.test_taskpilot_api" name="test_health" time="0.153" /><testcase classname="tests.test_taskpilot_api" name="test_tasks_without_api_key_returns_401" time="0.046" /><testcase classname="tests.test_taskpilot_api" name="test_tasks_with_bad_api_key_returns_401" time="0.040" /><testcase classname="tests.test_taskpilot_api" name="test_tasks_with_correct_key_returns_list" time="0.083" /><testcase classname="tests.test_taskpilot_api" name="test_put_upserts_task_and_get_returns_it" time="0.133" /><testcase classname="tests.test_taskpilot_api" name="test_put_updates_existing_task" time="0.160" /><testcase classname="tests.test_taskpilot_api" name="test_delete_task" time="0.243" /><testcase classname="tests.test_taskpilot_api" name="test_delete_without_key_401" time="0.040" /><testcase classname="tests.test_taskpilot_api" name="test_bulk_sync_upserts_all" time="0.085" /><testcase classname="tests.test_taskpilot_api" name="test_sync_without_key_401" time="0.039" /><testcase classname="tests.test_taskpilot_api" name="test_job_application_fields_persist" time="0.404" /></testsuite></testsuites>